<?xml version="1.0" encoding="UTF-8"?>
<testsuite xmlns:xsi="http://www.w3.org/2001/XMLSchema-instance" xsi:noNamespaceSchemaLocation="https://maven.apache.org/surefire/maven-surefire-plugin/xsd/surefire-test-report-3.0.xsd" version="3.0" name="com.backend.backend.BackendApplicationTests" time="35.879" tests="1" errors="0" skipped="0" failures="0">
  <properties>
[...]
</properties>
  <testcase name="contextLoads" classname="com.backend.backend.BackendApplicationTests" time="0.844">
    <system-out><![CDATA[16:13:29.259 [main] INFO org.springframework.test.context.support.AnnotationConfigContextLoaderUtils -- Could not detect default configuration classes for test class [com.backend.backend.BackendApplicationTests]: BackendApplicationTests does not declare any static, non-private, non-final, nested classes annotated with @Configuration.
16:13:29.431 [main] INFO org.springframework.boot.test.context.SpringBootTestContextBootstrapper -- Found @SpringBootConfiguration com.backend.backend.BackendApplication for test class com.backend.backend.BackendApplicationTests
16:13:29.683 [main] INFO org.springframework.boot.devtools.restart.RestartApplicationListener -- Restart disabled due to context in which it is running
  .   ____          _            __ _ _
 /\\ / ___'_ __ _ _(_)_ __  __ _ \ \ \ \
( ( )\___ | '_ | '_| | '_ \/ _` | \ \ \ \
 \\/  ___)| |_)| | | | | || (_| |  ) ) ) )
  '  |____| .__|_| |_|_| |_\__, | / / / /
 =========|_|==============|___/=/_/_/_/

 :: Spring Boot ::                (v3.3.0)

2024-06-12T16:13:30.174-04:00  INFO 22168 --- [backend] [           main] c.b.backend.BackendApplicationTests      : Starting BackendApplicationTests using Java 20.0.1 with PID 22168 (started by Usuario in D:\E.J.Z.R\Universidad\7.-Septimo Semestre\Sistemas de Informacion II\Segundo Parcial\sistema\Sistema-AsistenciaDocentes\backend)
2024-06-12T16:13:30.176-04:00  INFO 22168 --- [backend] [           main] c.b.backend.BackendApplicationTests      : No active profile set, falling back to 1 default profile: "default"
2024-06-12T16:13:31.838-04:00  INFO 22168 --- [backend] [           main] .s.d.r.c.RepositoryConfigurationDelegate : Bootstrapping Spring Data JPA repositories in DEFAULT mode.
2024-06-12T16:13:32.055-04:00  INFO 22168 --- [backend] [           main] .s.d.r.c.RepositoryConfigurationDelegate : Finished Spring Data repository scanning in 205 ms. Found 21 JPA repository interfaces.
2024-06-12T16:13:33.026-04:00  INFO 22168 --- [backend] [           main] o.hibernate.jpa.internal.util.LogHelper  : HHH000204: Processing PersistenceUnitInfo [name: default]
2024-06-12T16:13:33.152-04:00  INFO 22168 --- [backend] [           main] org.hibernate.Version                    : HHH000412: Hibernate ORM core version 6.5.2.Final
2024-06-12T16:13:33.304-04:00  INFO 22168 --- [backend] [           main] o.h.c.internal.RegionFactoryInitiator    : HHH000026: Second-level cache disabled
2024-06-12T16:13:33.983-04:00  INFO 22168 --- [backend] [           main] o.s.o.j.p.SpringPersistenceUnitInfo      : No LoadTimeWeaver setup: ignoring JPA class transformer
2024-06-12T16:13:34.040-04:00  INFO 22168 --- [backend] [           main] com.zaxxer.hikari.HikariDataSource       : HikariPool-1 - Starting...
2024-06-12T16:13:36.774-04:00  INFO 22168 --- [backend] [           main] com.zaxxer.hikari.pool.HikariPool        : HikariPool-1 - Added connection org.postgresql.jdbc.PgConnection@1a5b7394
2024-06-12T16:13:36.776-04:00  INFO 22168 --- [backend] [           main] com.zaxxer.hikari.HikariDataSource       : HikariPool-1 - Start completed.
2024-06-12T16:13:37.084-04:00  WARN 22168 --- [backend] [           main] org.hibernate.orm.deprecation            : HHH90000025: PostgreSQLDialect does not need to be specified explicitly using 'hibernate.dialect' (remove the property setting and it will be selected by default)
2024-06-12T16:13:39.632-04:00  INFO 22168 --- [backend] [           main] o.h.e.t.j.p.i.JtaPlatformInitiator       : HHH000489: No JTA platform available (set 'hibernate.transaction.jta.platform' to enable JTA platform integration)
2024-06-12T16:13:59.818-04:00  INFO 22168 --- [backend] [           main] j.LocalContainerEntityManagerFactoryBean : Initialized JPA EntityManagerFactory for persistence unit 'default'
2024-06-12T16:14:00.657-04:00  INFO 22168 --- [backend] [           main] o.s.d.j.r.query.QueryEnhancerFactory     : Hibernate is in classpath; If applicable, HQL parser will be used.
2024-06-12T16:14:02.184-04:00  INFO 22168 --- [backend] [           main] eAuthenticationProviderManagerConfigurer : Global AuthenticationManager configured with AuthenticationProvider bean with name authenticationProvider
2024-06-12T16:14:02.185-04:00  WARN 22168 --- [backend] [           main] r$InitializeUserDetailsManagerConfigurer : Global AuthenticationManager configured with an AuthenticationProvider bean. UserDetailsService beans will not be used for username/password login. Consider removing the AuthenticationProvider bean. Alternatively, consider using the UserDetailsService in a manually instantiated DaoAuthenticationProvider.
2024-06-12T16:14:02.469-04:00  WARN 22168 --- [backend] [           main] JpaBaseConfiguration$JpaWebConfiguration : spring.jpa.open-in-view is enabled by default. Therefore, database queries may be performed during view rendering. Explicitly configure spring.jpa.open-in-view to disable this warning
2024-06-12T16:14:03.194-04:00  INFO 22168 --- [backend] [           main] o.s.s.web.DefaultSecurityFilterChain     : Will secure any request with [org.springframework.security.web.session.DisableEncodeUrlFilter@4b1a7b39, org.springframework.security.web.context.request.async.WebAsyncManagerIntegrationFilter@42ffabb, org.springframework.security.web.context.SecurityContextHolderFilter@7f83cc90, org.springframework.security.web.header.HeaderWriterFilter@66dad66f, org.springframework.web.filter.CorsFilter@7a63c618, org.springframework.security.web.authentication.logout.LogoutFilter@5c65001c, com.backend.backend.JWT.JwtAuthenticationFilter@7b159d1b, org.springframework.security.web.savedrequest.RequestCacheAwareFilter@4db65fac, org.springframework.security.web.servletapi.SecurityContextHolderAwareRequestFilter@349a8977, org.springframework.security.web.authentication.AnonymousAuthenticationFilter@10009505, org.springframework.security.web.session.SessionManagementFilter@3298e1d, org.springframework.security.web.access.ExceptionTranslationFilter@73e2a3ae, org.springframework.security.web.access.intercept.FilterSecurityInterceptor@39ad1fdb]
2024-06-12T16:14:03.957-04:00  INFO 22168 --- [backend] [           main] c.b.backend.BackendApplicationTests      : Started BackendApplicationTests in 34.294 seconds (process running for 35.807)
]]></system-out>
  </testcase>
</testsuite>